<?xml version="1.0" encoding="UTF-8"?>
<!-- Generated by org.testng.reporters.JUnitReportReporter -->
<testsuite skipped="0" hostname="Kash" name="com.assingement.java.Parabankpropertyfile" tests="1" failures="0" timestamp="2020-07-14T22:15:14 GMT+03:00" time="0.009" errors="0">
  <testcase name="testdata" time="0.009" classname="com.assingement.java.Parabankpropertyfile"/>
  <system-out/>
</testsuite> <!-- com.assingement.java.Parabankpropertyfile -->
