<?xml version="1.0" encoding="UTF-8"?>
<!-- Generated by org.testng.reporters.JUnitReportReporter -->
<testsuite skipped="0" hostname="Kash" name="com.assingement.java.Assingement" tests="1" failures="0" timestamp="2020-07-15T18:54:38 GMT+03:00" time="47.197" errors="0">
  <testcase name="Demoqa" time="47.197" classname="com.assingement.java.Assingement"/>
  <system-out/>
</testsuite> <!-- com.assingement.java.Assingement -->
